[debug] [2020-04-23T01:20:36.304Z] ----------------------------------------------------------------------
[debug] [2020-04-23T01:20:36.306Z] Command:       C:\Program Files\nodejs\node.exe C:\Users\YOGA\AppData\Roaming\npm\node_modules\firebase-tools\lib\bin\firebase.js serve
[debug] [2020-04-23T01:20:36.307Z] CLI Version:   8.1.1
[debug] [2020-04-23T01:20:36.307Z] Platform:      win32
[debug] [2020-04-23T01:20:36.307Z] Node Version:  v10.15.1
[debug] [2020-04-23T01:20:36.308Z] Time:          Thu Apr 23 2020 08:20:36 GMT+0700 (Indochina Time)
[debug] [2020-04-23T01:20:36.308Z] ----------------------------------------------------------------------
[debug] [2020-04-23T01:20:36.308Z] 
[debug] [2020-04-23T01:20:36.316Z] > command requires scopes: ["email","openid","https://www.googleapis.com/auth/cloudplatformprojects.readonly","https://www.googleapis.com/auth/firebase","https://www.googleapis.com/auth/cloud-platform"]
[debug] [2020-04-23T01:20:36.316Z] > authorizing via signed-in user
[debug] [2020-04-23T01:20:36.317Z] [iam] checking project fir-login-7aa67 for permissions ["firebase.projects.get"]
[debug] [2020-04-23T01:20:36.319Z] >>> HTTP REQUEST POST https://cloudresourcemanager.googleapis.com/v1/projects/fir-login-7aa67:testIamPermissions  
 {"permissions":["firebase.projects.get"]}
[debug] [2020-04-23T01:20:38.001Z] <<< HTTP RESPONSE 200 {"content-type":"application/json; charset=UTF-8","vary":"X-Origin, Referer, Origin,Accept-Encoding","date":"Thu, 23 Apr 2020 01:21:18 GMT","server":"ESF","cache-control":"private","x-xss-protection":"0","x-frame-options":"SAMEORIGIN","x-content-type-options":"nosniff","server-timing":"gfet4t7; dur=1200","alt-svc":"quic=\":443\"; ma=2592000; v=\"46,43\",h3-Q050=\":443\"; ma=2592000,h3-Q049=\":443\"; ma=2592000,h3-Q048=\":443\"; ma=2592000,h3-Q046=\":443\"; ma=2592000,h3-Q043=\":443\"; ma=2592000,h3-T050=\":443\"; ma=2592000","accept-ranges":"none","transfer-encoding":"chunked"}
[debug] [2020-04-23T01:20:38.003Z] >>> HTTP REQUEST GET https://firebase.googleapis.com/v1beta1/projects/fir-login-7aa67  
 
[debug] [2020-04-23T01:20:38.635Z] <<< HTTP RESPONSE 200 {"content-type":"application/json; charset=UTF-8","vary":"X-Origin, Referer, Origin,Accept-Encoding","date":"Thu, 23 Apr 2020 01:21:19 GMT","server":"ESF","cache-control":"private","x-xss-protection":"0","x-frame-options":"SAMEORIGIN","x-content-type-options":"nosniff","alt-svc":"quic=\":443\"; ma=2592000; v=\"46,43\",h3-Q050=\":443\"; ma=2592000,h3-Q049=\":443\"; ma=2592000,h3-Q048=\":443\"; ma=2592000,h3-Q046=\":443\"; ma=2592000,h3-Q043=\":443\"; ma=2592000,h3-T050=\":443\"; ma=2592000","accept-ranges":"none","transfer-encoding":"chunked"}
[info] 
[info] === Serving from 'D:\Yoga\MatKul\Semester 6\Pemrograman Berbasis Framework\Tugas\modul 11\firebase-login-app'...
[info] 
[debug] [2020-04-23T01:20:38.640Z] >>> HTTP REQUEST GET https://firebase.googleapis.com/v1beta1/projects/fir-login-7aa67/webApps/-/config  
 
[debug] [2020-04-23T01:20:39.599Z] <<< HTTP RESPONSE 200 {"content-type":"application/json; charset=UTF-8","vary":"X-Origin, Referer, Origin,Accept-Encoding","date":"Thu, 23 Apr 2020 01:21:20 GMT","server":"ESF","cache-control":"private","x-xss-protection":"0","x-frame-options":"SAMEORIGIN","x-content-type-options":"nosniff","alt-svc":"quic=\":443\"; ma=2592000; v=\"46,43\",h3-Q050=\":443\"; ma=2592000,h3-Q049=\":443\"; ma=2592000,h3-Q048=\":443\"; ma=2592000,h3-Q046=\":443\"; ma=2592000,h3-Q043=\":443\"; ma=2592000,h3-T050=\":443\"; ma=2592000","accept-ranges":"none","transfer-encoding":"chunked"}
[info] i  hosting: Serving hosting files from: public
[info] +  hosting: Local server: http://localhost:5000
